
Showing logs for build [32mcb-kubecd-bdd-gh-1578918675-mas-z28bc-1[0m stage [32mfrom-build-pack[0m and container [32mstep-credential-initializer-rtvdw[0m
{"level":"warn","ts":1578918748.6337562,"logger":"fallback-logger","caller":"logging/config.go:69","msg":"Fetch GitHub commit ID from kodata failed: \"ref: refs/heads/0.8.0-**-support-backwards-incompats\" is not a valid GitHub commit ID"}
{"level":"info","ts":1578918748.6340094,"logger":"fallback-logger","caller":"creds-init/main.go:40","msg":"Credentials initialized."}

Showing logs for build [32mcb-kubecd-bdd-gh-1578918675-mas-z28bc-1[0m stage [32mfrom-build-pack[0m and container [32mstep-working-dir-initializer-fhdwr[0m
{"level":"warn","ts":1578918749.1326494,"logger":"fallback-logger","caller":"logging/config.go:69","msg":"Fetch GitHub commit ID from kodata failed: open /var/run/ko/HEAD: no such file or directory"}
{"level":"info","ts":1578918749.1335964,"logger":"fallback-logger","caller":"bash/main.go:64","msg":"Successfully executed command \"sh -c mkdir -p /workspace/source\"; output "}

Showing logs for build [32mcb-kubecd-bdd-gh-1578918675-mas-z28bc-1[0m stage [32mfrom-build-pack[0m and container [32mstep-place-tools[0m

Showing logs for build [32mcb-kubecd-bdd-gh-1578918675-mas-z28bc-1[0m stage [32mfrom-build-pack[0m and container [32mstep-git-source-cb-kubecd-bdd-gh-1578918675-mas-sjx9h[0m
{"level":"warn","ts":1578918756.2575176,"logger":"fallback-logger","caller":"logging/config.go:69","msg":"Fetch GitHub commit ID from kodata failed: \"ref: refs/heads/0.8.0-**-support-backwards-incompats\" is not a valid GitHub commit ID"}
{"level":"info","ts":1578918756.413154,"logger":"fallback-logger","caller":"git/git.go:103","msg":"Successfully cloned https://github.com/cb-kubecd/bdd-gh-1578918675.git @ v0.0.1 in path /workspace/source"}

Showing logs for build [32mcb-kubecd-bdd-gh-1578918675-mas-z28bc-1[0m stage [32mfrom-build-pack[0m and container [32mstep-git-merge[0m
Using SHAs from PULL_REFS=master:880bed9a2ec602e8199e115678e5d10d27d275b5
WARNING: no SHAs to merge, falling back to initial cloned commit

Showing logs for build [32mcb-kubecd-bdd-gh-1578918675-mas-z28bc-1[0m stage [32mfrom-build-pack[0m and container [32mstep-setup-jx-git-credentials[0m
Generated Git credentials file /workspace/xdg_config/git/credentials

Showing logs for build [32mcb-kubecd-bdd-gh-1578918675-mas-z28bc-1[0m stage [32mfrom-build-pack[0m and container [32mstep-build-make-build[0m
CGO_ENABLED=0 GO15VENDOREXPERIMENT=1 go build -ldflags '' -o bin/bdd-gh-1578918675 main.go

Showing logs for build [32mcb-kubecd-bdd-gh-1578918675-mas-z28bc-1[0m stage [32mfrom-build-pack[0m and container [32mstep-build-container-build[0m
[36mINFO[0m[0000] No base image, nothing to extract            
[36mINFO[0m[0000] cmd: EXPOSE                                  
[36mINFO[0m[0000] Adding exposed port: 8080/tcp                
[36mINFO[0m[0000] Using files from context: [/workspace/source/bin] 
[36mINFO[0m[0000] Skipping unpacking as no commands require it. 
[36mINFO[0m[0000] Taking snapshot of full filesystem...        
[36mINFO[0m[0000] EXPOSE 8080                                  
[36mINFO[0m[0000] cmd: EXPOSE                                  
[36mINFO[0m[0000] Adding exposed port: 8080/tcp                
[36mINFO[0m[0000] No files changed in this command, skipping snapshotting. 
[36mINFO[0m[0000] ENTRYPOINT ["/bdd-gh-1578918675"]            
[36mINFO[0m[0000] No files changed in this command, skipping snapshotting. 
[36mINFO[0m[0000] Using files from context: [/workspace/source/bin] 
[36mINFO[0m[0000] COPY ./bin/ /                                
[36mINFO[0m[0000] Taking snapshot of files...                  
2020/01/13 12:32:47 pushed blob: sha256:1665b83dcf96816fc00eb255cd19daea985013cee1e8977bc8504dbbd7766e87
2020/01/13 12:32:48 pushed blob: sha256:279ec3ecdf4dd7a064aa8ad49702266067791b56511ed09d59cd7de18b4baccd
2020/01/13 12:32:48 296178596335.dkr.ecr.us-east-1.amazonaws.com/cb-kubecd/bdd-gh-1578918675:0.0.1: digest: sha256:faff4960df96bd7b87dc2b1960b740a2b2b385d4d4b410a415e88783b81148e2 size: 428

Showing logs for build [32mcb-kubecd-bdd-gh-1578918675-mas-z28bc-1[0m stage [32mfrom-build-pack[0m and container [32mstep-build-post-build[0m
no CVE provider running in the current ** namespace so skip adding image to be analysed

Showing logs for build [32mcb-kubecd-bdd-gh-1578918675-mas-z28bc-1[0m stage [32mfrom-build-pack[0m and container [32mstep-promote-changelog[0m
Converted /workspace/source/charts/bdd-gh-1578918675 to an unshallow repository
Generating change log from git ref da1e092a40d3259af9a56019803443053a79daba => d63b72159cc57d63ea29d5012c9fba0abe9f66c9
Associating user x-0 in users.jenkins.io with email jenkins-x@googlegroups.com to git GitProvider user with login -0 as emails match
Adding label jenkins.io/git-github-userid=-0 to user x-0 in users.jenkins.io
WARNING: Failed to enrich commit 880bed9a2ec602e8199e115678e5d10d27d275b5 with issues: User.jenkins.io "x-0" is invalid: metadata.labels: Invalid value: "-0": a valid label must be an empty string or consist of alphanumeric characters, '-', '_' or '.', and must start and end with an alphanumeric character (e.g. 'MyValue',  or 'my_value',  or '12345', regex used for validation is '(([A-Za-z0-9][-A-Za-z0-9_.]*)?[A-Za-z0-9])?')
Associating user x-0 in users.jenkins.io with email jenkins-x@googlegroups.com to git GitProvider user with login -0 as emails match
Adding label jenkins.io/git-github-userid=-0 to user x-0 in users.jenkins.io
WARNING: Failed to enrich commit 880bed9a2ec602e8199e115678e5d10d27d275b5 with issues: User.jenkins.io "x-0" is invalid: metadata.labels: Invalid value: "-0": a valid label must be an empty string or consist of alphanumeric characters, '-', '_' or '.', and must start and end with an alphanumeric character (e.g. 'MyValue',  or 'my_value',  or '12345', regex used for validation is '(([A-Za-z0-9][-A-Za-z0-9_.]*)?[A-Za-z0-9])?')
Finding issues in commit messages using git format
WARNING: No release found for cb-kubecd/bdd-gh-1578918675 and tag v0.0.1 so creating a new release
Updated the release information at https://github.com/cb-kubecd/bdd-gh-1578918675/releases/tag/v0.0.1
generated: /workspace/source/charts/bdd-gh-1578918675/templates/release.yaml
Created Release bdd-gh-1578918675-0-0-1 resource in namespace **
Updating PipelineActivity cb-kubecd-bdd-gh-1578918675-master-1 with version 0.0.1
Updated PipelineActivities cb-kubecd-bdd-gh-1578918675-master-1 with release notes URL: https://github.com/cb-kubecd/bdd-gh-1578918675/releases/tag/v0.0.1

Showing logs for build [32mcb-kubecd-bdd-gh-1578918675-mas-z28bc-1[0m stage [32mfrom-build-pack[0m and container [32mstep-promote-helm-release[0m
WARNING: No $CHART_REPOSITORY defined so using the default value of: http://jenkins-x-chartmuseum:8080
Adding missing Helm repo: storage.googleapis.com https://storage.googleapis.com/chartmuseum.jenkins-x.io
WARNING: No secrets found on "helm/repos" due: reading the secret "helm/repos" from vault: no secret "helm/repos" not found in vault
Read credentials for https://storage.googleapis.com/chartmuseum.jenkins-x.io from vault helm/repos
Successfully added Helm repository storage.googleapis.com.
Adding missing Helm repo: jenkins-x-chartmuseum http://jenkins-x-chartmuseum:8080
WARNING: No secrets found on "helm/repos" due: reading the secret "helm/repos" from vault: no secret "helm/repos" not found in vault
Read credentials for http://jenkins-x-chartmuseum:8080 from vault helm/repos
Successfully added Helm repository jenkins-x-chartmuseum.
WARNING: No $CHART_REPOSITORY defined so using the default value of: http://jenkins-x-chartmuseum:8080
Uploading chart file bdd-gh-1578918675-0.0.1.tgz to http://jenkins-x-chartmuseum:8080/api/charts
Received 201 response: {"saved":true}

Showing logs for build [32mcb-kubecd-bdd-gh-1578918675-mas-z28bc-1[0m stage [32mfrom-build-pack[0m and container [32mstep-promote-jx-promote[0m
WARNING: prow based install so skip waiting for the merge of Pull Requests to go green as currently there is an issue with gettingstatuses from the PR, see https://github.com/jenkins-x/**/issues/2410
WARNING: No $CHART_REPOSITORY defined so using the default value of: http://jenkins-x-chartmuseum:8080
Promoting app bdd-gh-1578918675 version 0.0.1 to namespace **-staging
Created Pull Request: https://github.com/cb-kubecd/environment-pr-128-85-boot-eks-staging/pull/2
Added label updatebot to Pull Request https://github.com/cb-kubecd/environment-pr-128-85-boot-eks-staging/pull/2
got git provider status pending from PR https://github.com/cb-kubecd/environment-pr-128-85-boot-eks-staging/pull/2
got git provider status pending from PR https://github.com/cb-kubecd/environment-pr-128-85-boot-eks-staging/pull/2
got git provider status pending from PR https://github.com/cb-kubecd/environment-pr-128-85-boot-eks-staging/pull/2
Pull Request https://github.com/cb-kubecd/environment-pr-128-85-boot-eks-staging/pull/2 is merged at sha a47e2c04ad565072dbceb64cb8a60c40c912fe50
Pull Request merged but we are not waiting for the update pipeline to complete!
WARNING: Could not find the service URL in namespace **-staging for names bdd-gh-1578918675, **-bdd-gh-1578918675, **-staging-bdd-gh-1578918675
